<?xml version="1.0" encoding="UTF-8"?>
<!-- Generated by org.testng.reporters.JUnitReportReporter -->
<testsuite hostname="Banu" failures="0" tests="1" name="testscripts.Testcase1" time="0.001" errors="0" timestamp="2022-12-30T23:36:08 CET" skipped="0">
  <testcase classname="testscripts.Testcase1" name="demo" time="0.001"/>
  <system-out>
    <![CDATA[Hello Java]]>
  </system-out>
</testsuite> <!-- testscripts.Testcase1 -->
