<?xml version="1.0" encoding="UTF-8"?>
<!-- Generated by org.testng.reporters.JUnitReportReporter -->
<testsuite hostname="Banu" failures="0" tests="1" name="testscripts.Testcase3" time="0.005" errors="0" timestamp="2022-12-30T23:36:08 CET" skipped="0">
  <testcase classname="testscripts.Testcase3" name="demo" time="0.005"/>
  <system-out>
    <![CDATA[Hello SQL]]>
  </system-out>
</testsuite> <!-- testscripts.Testcase3 -->
